INFO - 2023-05-25 12:01:08 --> Session: Class initialized using 'CodeIgniter\Session\Handlers\FileHandler' driver.
INFO - 2023-05-25 12:01:13 --> Session: Class initialized using 'CodeIgniter\Session\Handlers\FileHandler' driver.
INFO - 2023-05-25 12:01:14 --> Session: Class initialized using 'CodeIgniter\Session\Handlers\FileHandler' driver.
INFO - 2023-05-25 12:01:15 --> Session: Class initialized using 'CodeIgniter\Session\Handlers\FileHandler' driver.
INFO - 2023-05-25 12:01:17 --> Session: Class initialized using 'CodeIgniter\Session\Handlers\FileHandler' driver.
INFO - 2023-05-25 12:01:19 --> Session: Class initialized using 'CodeIgniter\Session\Handlers\FileHandler' driver.
INFO - 2023-05-25 12:01:27 --> Session: Class initialized using 'CodeIgniter\Session\Handlers\FileHandler' driver.
INFO - 2023-05-25 12:01:33 --> Session: Class initialized using 'CodeIgniter\Session\Handlers\FileHandler' driver.
INFO - 2023-05-25 12:02:39 --> Session: Class initialized using 'CodeIgniter\Session\Handlers\FileHandler' driver.
INFO - 2023-05-25 12:02:43 --> Session: Class initialized using 'CodeIgniter\Session\Handlers\FileHandler' driver.
INFO - 2023-05-25 12:05:41 --> Session: Class initialized using 'CodeIgniter\Session\Handlers\FileHandler' driver.
INFO - 2023-05-25 12:05:45 --> Session: Class initialized using 'CodeIgniter\Session\Handlers\FileHandler' driver.
INFO - 2023-05-25 12:05:50 --> Session: Class initialized using 'CodeIgniter\Session\Handlers\FileHandler' driver.
INFO - 2023-05-25 12:06:02 --> Session: Class initialized using 'CodeIgniter\Session\Handlers\FileHandler' driver.
INFO - 2023-05-25 12:06:03 --> Session: Class initialized using 'CodeIgniter\Session\Handlers\FileHandler' driver.
INFO - 2023-05-25 12:06:34 --> Session: Class initialized using 'CodeIgniter\Session\Handlers\FileHandler' driver.
INFO - 2023-05-25 12:06:53 --> Session: Class initialized using 'CodeIgniter\Session\Handlers\FileHandler' driver.
INFO - 2023-05-25 12:07:11 --> Session: Class initialized using 'CodeIgniter\Session\Handlers\FileHandler' driver.
INFO - 2023-05-25 12:07:47 --> Session: Class initialized using 'CodeIgniter\Session\Handlers\FileHandler' driver.
INFO - 2023-05-25 12:07:57 --> Session: Class initialized using 'CodeIgniter\Session\Handlers\FileHandler' driver.
INFO - 2023-05-25 12:07:59 --> Session: Class initialized using 'CodeIgniter\Session\Handlers\FileHandler' driver.
INFO - 2023-05-25 12:08:02 --> Session: Class initialized using 'CodeIgniter\Session\Handlers\FileHandler' driver.
INFO - 2023-05-25 12:08:07 --> Session: Class initialized using 'CodeIgniter\Session\Handlers\FileHandler' driver.
INFO - 2023-05-25 12:08:11 --> Session: Class initialized using 'CodeIgniter\Session\Handlers\FileHandler' driver.
INFO - 2023-05-25 12:09:11 --> Session: Class initialized using 'CodeIgniter\Session\Handlers\FileHandler' driver.
INFO - 2023-05-25 12:09:37 --> Session: Class initialized using 'CodeIgniter\Session\Handlers\FileHandler' driver.
INFO - 2023-05-25 12:09:41 --> Session: Class initialized using 'CodeIgniter\Session\Handlers\FileHandler' driver.
INFO - 2023-05-25 12:09:44 --> Session: Class initialized using 'CodeIgniter\Session\Handlers\FileHandler' driver.
INFO - 2023-05-25 12:09:45 --> Session: Class initialized using 'CodeIgniter\Session\Handlers\FileHandler' driver.
CRITICAL - 2023-05-25 12:09:45 --> Trying to access array offset on value of type null
in APPPATH\Views\mahasiswa\v_pengambilan_ijazah.php on line 25.
 1 APPPATH\Views\mahasiswa\v_pengambilan_ijazah.php(25): CodeIgniter\Debug\Exceptions->errorHandler(8, 'Trying to access array offset on value of type null', 'C:\\wamp64\\www\\graduate-ci4\\app\\Views\\mahasiswa\\v_pengambilan_ijazah.php', 25, [...])
 2 SYSTEMPATH\View\View.php(213): include('C:\\wamp64\\www\\graduate-ci4\\app\\Views\\mahasiswa\\v_pengambilan_ijazah.php')
 3 SYSTEMPATH\View\View.php(216): CodeIgniter\View\View->CodeIgniter\View\{closure}()
 4 SYSTEMPATH\Common.php(1184): CodeIgniter\View\View->render('mahasiswa/v_pengambilan_ijazah', [], true)
 5 APPPATH\Views\v_template_mahasiswa.php(147): view('mahasiswa/v_pengambilan_ijazah')
 6 SYSTEMPATH\View\View.php(213): include('C:\\wamp64\\www\\graduate-ci4\\app\\Views\\v_template_mahasiswa.php')
 7 SYSTEMPATH\View\View.php(216): CodeIgniter\View\View->CodeIgniter\View\{closure}()
 8 SYSTEMPATH\Common.php(1184): CodeIgniter\View\View->render('v_template_mahasiswa', [], true)
 9 APPPATH\Controllers\DashboardMahasiswa.php(59): view('v_template_mahasiswa', [...])
10 SYSTEMPATH\CodeIgniter.php(934): App\Controllers\DashboardMahasiswa->pengambilanIjazah()
11 SYSTEMPATH\CodeIgniter.php(499): CodeIgniter\CodeIgniter->runController(Object(App\Controllers\DashboardMahasiswa))
12 SYSTEMPATH\CodeIgniter.php(368): CodeIgniter\CodeIgniter->handleRequest(null, Object(Config\Cache), false)
13 FCPATH\index.php(67): CodeIgniter\CodeIgniter->run()
INFO - 2023-05-25 12:09:49 --> Session: Class initialized using 'CodeIgniter\Session\Handlers\FileHandler' driver.
INFO - 2023-05-25 12:19:25 --> Session: Class initialized using 'CodeIgniter\Session\Handlers\FileHandler' driver.
INFO - 2023-05-25 12:20:21 --> Session: Class initialized using 'CodeIgniter\Session\Handlers\FileHandler' driver.
INFO - 2023-05-25 12:20:22 --> Session: Class initialized using 'CodeIgniter\Session\Handlers\FileHandler' driver.
CRITICAL - 2023-05-25 12:20:22 --> Trying to access array offset on value of type null
in APPPATH\Views\mahasiswa\v_pengambilan_ijazah.php on line 25.
 1 APPPATH\Views\mahasiswa\v_pengambilan_ijazah.php(25): CodeIgniter\Debug\Exceptions->errorHandler(8, 'Trying to access array offset on value of type null', 'C:\\wamp64\\www\\graduate-ci4\\app\\Views\\mahasiswa\\v_pengambilan_ijazah.php', 25, [...])
 2 SYSTEMPATH\View\View.php(213): include('C:\\wamp64\\www\\graduate-ci4\\app\\Views\\mahasiswa\\v_pengambilan_ijazah.php')
 3 SYSTEMPATH\View\View.php(216): CodeIgniter\View\View->CodeIgniter\View\{closure}()
 4 SYSTEMPATH\Common.php(1184): CodeIgniter\View\View->render('mahasiswa/v_pengambilan_ijazah', [], true)
 5 APPPATH\Views\v_template_mahasiswa.php(147): view('mahasiswa/v_pengambilan_ijazah')
 6 SYSTEMPATH\View\View.php(213): include('C:\\wamp64\\www\\graduate-ci4\\app\\Views\\v_template_mahasiswa.php')
 7 SYSTEMPATH\View\View.php(216): CodeIgniter\View\View->CodeIgniter\View\{closure}()
 8 SYSTEMPATH\Common.php(1184): CodeIgniter\View\View->render('v_template_mahasiswa', [], true)
 9 APPPATH\Controllers\DashboardMahasiswa.php(59): view('v_template_mahasiswa', [...])
10 SYSTEMPATH\CodeIgniter.php(934): App\Controllers\DashboardMahasiswa->pengambilanIjazah()
11 SYSTEMPATH\CodeIgniter.php(499): CodeIgniter\CodeIgniter->runController(Object(App\Controllers\DashboardMahasiswa))
12 SYSTEMPATH\CodeIgniter.php(368): CodeIgniter\CodeIgniter->handleRequest(null, Object(Config\Cache), false)
13 FCPATH\index.php(67): CodeIgniter\CodeIgniter->run()
INFO - 2023-05-25 12:20:29 --> Session: Class initialized using 'CodeIgniter\Session\Handlers\FileHandler' driver.
CRITICAL - 2023-05-25 12:20:29 --> Trying to access array offset on value of type null
in APPPATH\Views\mahasiswa\v_skl.php on line 6.
 1 APPPATH\Views\mahasiswa\v_skl.php(6): CodeIgniter\Debug\Exceptions->errorHandler(8, 'Trying to access array offset on value of type null', 'C:\\wamp64\\www\\graduate-ci4\\app\\Views\\mahasiswa\\v_skl.php', 6, [...])
 2 SYSTEMPATH\View\View.php(213): include('C:\\wamp64\\www\\graduate-ci4\\app\\Views\\mahasiswa\\v_skl.php')
 3 SYSTEMPATH\View\View.php(216): CodeIgniter\View\View->CodeIgniter\View\{closure}()
 4 SYSTEMPATH\Common.php(1184): CodeIgniter\View\View->render('mahasiswa/v_skl', [], true)
 5 APPPATH\Views\v_template_mahasiswa.php(147): view('mahasiswa/v_skl')
 6 SYSTEMPATH\View\View.php(213): include('C:\\wamp64\\www\\graduate-ci4\\app\\Views\\v_template_mahasiswa.php')
 7 SYSTEMPATH\View\View.php(216): CodeIgniter\View\View->CodeIgniter\View\{closure}()
 8 SYSTEMPATH\Common.php(1184): CodeIgniter\View\View->render('v_template_mahasiswa', [], true)
 9 APPPATH\Controllers\DashboardMahasiswa.php(39): view('v_template_mahasiswa', [...])
10 SYSTEMPATH\CodeIgniter.php(934): App\Controllers\DashboardMahasiswa->skl()
11 SYSTEMPATH\CodeIgniter.php(499): CodeIgniter\CodeIgniter->runController(Object(App\Controllers\DashboardMahasiswa))
12 SYSTEMPATH\CodeIgniter.php(368): CodeIgniter\CodeIgniter->handleRequest(null, Object(Config\Cache), false)
13 FCPATH\index.php(67): CodeIgniter\CodeIgniter->run()
INFO - 2023-05-25 12:20:33 --> Session: Class initialized using 'CodeIgniter\Session\Handlers\FileHandler' driver.
CRITICAL - 2023-05-25 12:20:33 --> Trying to access array offset on value of type null
in APPPATH\Views\mahasiswa\v_pengambilan_ijazah.php on line 25.
 1 APPPATH\Views\mahasiswa\v_pengambilan_ijazah.php(25): CodeIgniter\Debug\Exceptions->errorHandler(8, 'Trying to access array offset on value of type null', 'C:\\wamp64\\www\\graduate-ci4\\app\\Views\\mahasiswa\\v_pengambilan_ijazah.php', 25, [...])
 2 SYSTEMPATH\View\View.php(213): include('C:\\wamp64\\www\\graduate-ci4\\app\\Views\\mahasiswa\\v_pengambilan_ijazah.php')
 3 SYSTEMPATH\View\View.php(216): CodeIgniter\View\View->CodeIgniter\View\{closure}()
 4 SYSTEMPATH\Common.php(1184): CodeIgniter\View\View->render('mahasiswa/v_pengambilan_ijazah', [], true)
 5 APPPATH\Views\v_template_mahasiswa.php(147): view('mahasiswa/v_pengambilan_ijazah')
 6 SYSTEMPATH\View\View.php(213): include('C:\\wamp64\\www\\graduate-ci4\\app\\Views\\v_template_mahasiswa.php')
 7 SYSTEMPATH\View\View.php(216): CodeIgniter\View\View->CodeIgniter\View\{closure}()
 8 SYSTEMPATH\Common.php(1184): CodeIgniter\View\View->render('v_template_mahasiswa', [], true)
 9 APPPATH\Controllers\DashboardMahasiswa.php(59): view('v_template_mahasiswa', [...])
10 SYSTEMPATH\CodeIgniter.php(934): App\Controllers\DashboardMahasiswa->pengambilanIjazah()
11 SYSTEMPATH\CodeIgniter.php(499): CodeIgniter\CodeIgniter->runController(Object(App\Controllers\DashboardMahasiswa))
12 SYSTEMPATH\CodeIgniter.php(368): CodeIgniter\CodeIgniter->handleRequest(null, Object(Config\Cache), false)
13 FCPATH\index.php(67): CodeIgniter\CodeIgniter->run()
INFO - 2023-05-25 12:20:35 --> Session: Class initialized using 'CodeIgniter\Session\Handlers\FileHandler' driver.
INFO - 2023-05-25 12:20:50 --> Session: Class initialized using 'CodeIgniter\Session\Handlers\FileHandler' driver.
INFO - 2023-05-25 12:20:51 --> Session: Class initialized using 'CodeIgniter\Session\Handlers\FileHandler' driver.
INFO - 2023-05-25 12:21:06 --> Session: Class initialized using 'CodeIgniter\Session\Handlers\FileHandler' driver.
INFO - 2023-05-25 12:21:40 --> Session: Class initialized using 'CodeIgniter\Session\Handlers\FileHandler' driver.
INFO - 2023-05-25 12:23:18 --> Session: Class initialized using 'CodeIgniter\Session\Handlers\FileHandler' driver.
INFO - 2023-05-25 12:23:36 --> Session: Class initialized using 'CodeIgniter\Session\Handlers\FileHandler' driver.
INFO - 2023-05-25 12:23:41 --> Session: Class initialized using 'CodeIgniter\Session\Handlers\FileHandler' driver.
CRITICAL - 2023-05-25 12:23:41 --> Invalid file: "staf/beritaacara/v_cetak_surat_undangan.php"
in SYSTEMPATH\Exceptions\FrameworkException.php on line 33.
 1 SYSTEMPATH\View\View.php(201): CodeIgniter\Exceptions\FrameworkException::forInvalidFile('staf/beritaacara/v_cetak_surat_undangan.php')
 2 SYSTEMPATH\Common.php(1184): CodeIgniter\View\View->render('staf/beritaacara/v_cetak_surat_undangan', [], true)
 3 APPPATH\Controllers\DashboardDosen.php(77): view('staf/beritaacara/v_cetak_surat_undangan', [...])
 4 SYSTEMPATH\CodeIgniter.php(934): App\Controllers\DashboardDosen->cetakSuratUndangan('1')
 5 SYSTEMPATH\CodeIgniter.php(499): CodeIgniter\CodeIgniter->runController(Object(App\Controllers\DashboardDosen))
 6 SYSTEMPATH\CodeIgniter.php(368): CodeIgniter\CodeIgniter->handleRequest(null, Object(Config\Cache), false)
 7 FCPATH\index.php(67): CodeIgniter\CodeIgniter->run()
INFO - 2023-05-25 12:24:05 --> Session: Class initialized using 'CodeIgniter\Session\Handlers\FileHandler' driver.
INFO - 2023-05-25 12:24:46 --> Session: Class initialized using 'CodeIgniter\Session\Handlers\FileHandler' driver.
INFO - 2023-05-25 12:24:52 --> Session: Class initialized using 'CodeIgniter\Session\Handlers\FileHandler' driver.
INFO - 2023-05-25 12:24:56 --> Session: Class initialized using 'CodeIgniter\Session\Handlers\FileHandler' driver.
INFO - 2023-05-25 12:25:03 --> Session: Class initialized using 'CodeIgniter\Session\Handlers\FileHandler' driver.
INFO - 2023-05-25 12:25:14 --> Session: Class initialized using 'CodeIgniter\Session\Handlers\FileHandler' driver.
INFO - 2023-05-25 12:25:15 --> Session: Class initialized using 'CodeIgniter\Session\Handlers\FileHandler' driver.
INFO - 2023-05-25 12:25:15 --> Session: Class initialized using 'CodeIgniter\Session\Handlers\FileHandler' driver.
INFO - 2023-05-25 12:26:34 --> Session: Class initialized using 'CodeIgniter\Session\Handlers\FileHandler' driver.
INFO - 2023-05-25 12:26:37 --> Session: Class initialized using 'CodeIgniter\Session\Handlers\FileHandler' driver.
INFO - 2023-05-25 12:26:38 --> Session: Class initialized using 'CodeIgniter\Session\Handlers\FileHandler' driver.
