INFO - 2023-06-26 12:42:57 --> Session: Class initialized using 'CodeIgniter\Session\Handlers\FileHandler' driver.
INFO - 2023-06-26 12:44:21 --> Session: Class initialized using 'CodeIgniter\Session\Handlers\FileHandler' driver.
INFO - 2023-06-26 12:44:21 --> Session: Class initialized using 'CodeIgniter\Session\Handlers\FileHandler' driver.
INFO - 2023-06-26 12:44:49 --> Session: Class initialized using 'CodeIgniter\Session\Handlers\FileHandler' driver.
INFO - 2023-06-26 12:45:16 --> Session: Class initialized using 'CodeIgniter\Session\Handlers\FileHandler' driver.
INFO - 2023-06-26 12:45:21 --> Session: Class initialized using 'CodeIgniter\Session\Handlers\FileHandler' driver.
INFO - 2023-06-26 12:45:52 --> Session: Class initialized using 'CodeIgniter\Session\Handlers\FileHandler' driver.
INFO - 2023-06-26 12:45:55 --> Session: Class initialized using 'CodeIgniter\Session\Handlers\FileHandler' driver.
INFO - 2023-06-26 12:45:58 --> Session: Class initialized using 'CodeIgniter\Session\Handlers\FileHandler' driver.
INFO - 2023-06-26 12:46:18 --> Session: Class initialized using 'CodeIgniter\Session\Handlers\FileHandler' driver.
INFO - 2023-06-26 12:46:18 --> Session: Class initialized using 'CodeIgniter\Session\Handlers\FileHandler' driver.
INFO - 2023-06-26 12:46:21 --> Session: Class initialized using 'CodeIgniter\Session\Handlers\FileHandler' driver.
INFO - 2023-06-26 12:54:32 --> Session: Class initialized using 'CodeIgniter\Session\Handlers\FileHandler' driver.
CRITICAL - 2023-06-26 12:54:32 --> Undefined index: nim
in APPPATH\Views\mahasiswa\v_dashboard.php on line 17.
 1 APPPATH\Views\mahasiswa\v_dashboard.php(17): CodeIgniter\Debug\Exceptions->errorHandler(8, 'Undefined index: nim', 'C:\\wamp64\\www\\graduate-ci4\\app\\Views\\mahasiswa\\v_dashboard.php', 17, [...])
 2 SYSTEMPATH\View\View.php(213): include('C:\\wamp64\\www\\graduate-ci4\\app\\Views\\mahasiswa\\v_dashboard.php')
 3 SYSTEMPATH\View\View.php(216): CodeIgniter\View\View->CodeIgniter\View\{closure}()
 4 SYSTEMPATH\Common.php(1184): CodeIgniter\View\View->render('mahasiswa/v_dashboard', [], true)
 5 APPPATH\Views\v_template_mahasiswa.php(147): view('mahasiswa/v_dashboard')
 6 SYSTEMPATH\View\View.php(213): include('C:\\wamp64\\www\\graduate-ci4\\app\\Views\\v_template_mahasiswa.php')
 7 SYSTEMPATH\View\View.php(216): CodeIgniter\View\View->CodeIgniter\View\{closure}()
 8 SYSTEMPATH\Common.php(1184): CodeIgniter\View\View->render('v_template_mahasiswa', [], true)
 9 APPPATH\Controllers\DashboardMahasiswa.php(31): view('v_template_mahasiswa', [...])
10 SYSTEMPATH\CodeIgniter.php(934): App\Controllers\DashboardMahasiswa->index()
11 SYSTEMPATH\CodeIgniter.php(499): CodeIgniter\CodeIgniter->runController(Object(App\Controllers\DashboardMahasiswa))
12 SYSTEMPATH\CodeIgniter.php(368): CodeIgniter\CodeIgniter->handleRequest(null, Object(Config\Cache), false)
13 FCPATH\index.php(67): CodeIgniter\CodeIgniter->run()
INFO - 2023-06-26 12:54:45 --> Session: Class initialized using 'CodeIgniter\Session\Handlers\FileHandler' driver.
INFO - 2023-06-26 12:55:17 --> Session: Class initialized using 'CodeIgniter\Session\Handlers\FileHandler' driver.
CRITICAL - 2023-06-26 12:55:17 --> Trying to access array offset on value of type null
in APPPATH\Views\mahasiswa\v_dashboard.php on line 20.
 1 APPPATH\Views\mahasiswa\v_dashboard.php(20): CodeIgniter\Debug\Exceptions->errorHandler(8, 'Trying to access array offset on value of type null', 'C:\\wamp64\\www\\graduate-ci4\\app\\Views\\mahasiswa\\v_dashboard.php', 20, [...])
 2 SYSTEMPATH\View\View.php(213): include('C:\\wamp64\\www\\graduate-ci4\\app\\Views\\mahasiswa\\v_dashboard.php')
 3 SYSTEMPATH\View\View.php(216): CodeIgniter\View\View->CodeIgniter\View\{closure}()
 4 SYSTEMPATH\Common.php(1184): CodeIgniter\View\View->render('mahasiswa/v_dashboard', [], true)
 5 APPPATH\Views\v_template_mahasiswa.php(147): view('mahasiswa/v_dashboard')
 6 SYSTEMPATH\View\View.php(213): include('C:\\wamp64\\www\\graduate-ci4\\app\\Views\\v_template_mahasiswa.php')
 7 SYSTEMPATH\View\View.php(216): CodeIgniter\View\View->CodeIgniter\View\{closure}()
 8 SYSTEMPATH\Common.php(1184): CodeIgniter\View\View->render('v_template_mahasiswa', [], true)
 9 APPPATH\Controllers\DashboardMahasiswa.php(31): view('v_template_mahasiswa', [...])
10 SYSTEMPATH\CodeIgniter.php(934): App\Controllers\DashboardMahasiswa->index()
11 SYSTEMPATH\CodeIgniter.php(499): CodeIgniter\CodeIgniter->runController(Object(App\Controllers\DashboardMahasiswa))
12 SYSTEMPATH\CodeIgniter.php(368): CodeIgniter\CodeIgniter->handleRequest(null, Object(Config\Cache), false)
13 FCPATH\index.php(67): CodeIgniter\CodeIgniter->run()
INFO - 2023-06-26 12:56:45 --> Session: Class initialized using 'CodeIgniter\Session\Handlers\FileHandler' driver.
CRITICAL - 2023-06-26 12:56:45 --> Trying to access array offset on value of type null
in APPPATH\Views\mahasiswa\v_dashboard.php on line 21.
 1 APPPATH\Views\mahasiswa\v_dashboard.php(21): CodeIgniter\Debug\Exceptions->errorHandler(8, 'Trying to access array offset on value of type null', 'C:\\wamp64\\www\\graduate-ci4\\app\\Views\\mahasiswa\\v_dashboard.php', 21, [...])
 2 SYSTEMPATH\View\View.php(213): include('C:\\wamp64\\www\\graduate-ci4\\app\\Views\\mahasiswa\\v_dashboard.php')
 3 SYSTEMPATH\View\View.php(216): CodeIgniter\View\View->CodeIgniter\View\{closure}()
 4 SYSTEMPATH\Common.php(1184): CodeIgniter\View\View->render('mahasiswa/v_dashboard', [], true)
 5 APPPATH\Views\v_template_mahasiswa.php(147): view('mahasiswa/v_dashboard')
 6 SYSTEMPATH\View\View.php(213): include('C:\\wamp64\\www\\graduate-ci4\\app\\Views\\v_template_mahasiswa.php')
 7 SYSTEMPATH\View\View.php(216): CodeIgniter\View\View->CodeIgniter\View\{closure}()
 8 SYSTEMPATH\Common.php(1184): CodeIgniter\View\View->render('v_template_mahasiswa', [], true)
 9 APPPATH\Controllers\DashboardMahasiswa.php(31): view('v_template_mahasiswa', [...])
10 SYSTEMPATH\CodeIgniter.php(934): App\Controllers\DashboardMahasiswa->index()
11 SYSTEMPATH\CodeIgniter.php(499): CodeIgniter\CodeIgniter->runController(Object(App\Controllers\DashboardMahasiswa))
12 SYSTEMPATH\CodeIgniter.php(368): CodeIgniter\CodeIgniter->handleRequest(null, Object(Config\Cache), false)
13 FCPATH\index.php(67): CodeIgniter\CodeIgniter->run()
INFO - 2023-06-26 12:57:05 --> Session: Class initialized using 'CodeIgniter\Session\Handlers\FileHandler' driver.
INFO - 2023-06-26 12:57:36 --> Session: Class initialized using 'CodeIgniter\Session\Handlers\FileHandler' driver.
INFO - 2023-06-26 12:57:40 --> Session: Class initialized using 'CodeIgniter\Session\Handlers\FileHandler' driver.
INFO - 2023-06-26 12:57:51 --> Session: Class initialized using 'CodeIgniter\Session\Handlers\FileHandler' driver.
INFO - 2023-06-26 12:57:51 --> Session: Class initialized using 'CodeIgniter\Session\Handlers\FileHandler' driver.
INFO - 2023-06-26 12:57:53 --> Session: Class initialized using 'CodeIgniter\Session\Handlers\FileHandler' driver.
INFO - 2023-06-26 12:59:37 --> Session: Class initialized using 'CodeIgniter\Session\Handlers\FileHandler' driver.
INFO - 2023-06-26 13:00:32 --> Session: Class initialized using 'CodeIgniter\Session\Handlers\FileHandler' driver.
CRITICAL - 2023-06-26 13:00:32 --> Trying to access array offset on value of type null
in APPPATH\Views\mahasiswa\v_dashboard.php on line 21.
 1 APPPATH\Views\mahasiswa\v_dashboard.php(21): CodeIgniter\Debug\Exceptions->errorHandler(8, 'Trying to access array offset on value of type null', 'C:\\wamp64\\www\\graduate-ci4\\app\\Views\\mahasiswa\\v_dashboard.php', 21, [...])
 2 SYSTEMPATH\View\View.php(213): include('C:\\wamp64\\www\\graduate-ci4\\app\\Views\\mahasiswa\\v_dashboard.php')
 3 SYSTEMPATH\View\View.php(216): CodeIgniter\View\View->CodeIgniter\View\{closure}()
 4 SYSTEMPATH\Common.php(1184): CodeIgniter\View\View->render('mahasiswa/v_dashboard', [], true)
 5 APPPATH\Views\v_template_mahasiswa.php(147): view('mahasiswa/v_dashboard')
 6 SYSTEMPATH\View\View.php(213): include('C:\\wamp64\\www\\graduate-ci4\\app\\Views\\v_template_mahasiswa.php')
 7 SYSTEMPATH\View\View.php(216): CodeIgniter\View\View->CodeIgniter\View\{closure}()
 8 SYSTEMPATH\Common.php(1184): CodeIgniter\View\View->render('v_template_mahasiswa', [], true)
 9 APPPATH\Controllers\DashboardMahasiswa.php(31): view('v_template_mahasiswa', [...])
10 SYSTEMPATH\CodeIgniter.php(934): App\Controllers\DashboardMahasiswa->index()
11 SYSTEMPATH\CodeIgniter.php(499): CodeIgniter\CodeIgniter->runController(Object(App\Controllers\DashboardMahasiswa))
12 SYSTEMPATH\CodeIgniter.php(368): CodeIgniter\CodeIgniter->handleRequest(null, Object(Config\Cache), false)
13 FCPATH\index.php(67): CodeIgniter\CodeIgniter->run()
INFO - 2023-06-26 13:07:19 --> Session: Class initialized using 'CodeIgniter\Session\Handlers\FileHandler' driver.
CRITICAL - 2023-06-26 13:07:19 --> Trying to access array offset on value of type null
in APPPATH\Views\mahasiswa\v_dashboard.php on line 21.
 1 APPPATH\Views\mahasiswa\v_dashboard.php(21): CodeIgniter\Debug\Exceptions->errorHandler(8, 'Trying to access array offset on value of type null', 'C:\\wamp64\\www\\graduate-ci4\\app\\Views\\mahasiswa\\v_dashboard.php', 21, [...])
 2 SYSTEMPATH\View\View.php(213): include('C:\\wamp64\\www\\graduate-ci4\\app\\Views\\mahasiswa\\v_dashboard.php')
 3 SYSTEMPATH\View\View.php(216): CodeIgniter\View\View->CodeIgniter\View\{closure}()
 4 SYSTEMPATH\Common.php(1184): CodeIgniter\View\View->render('mahasiswa/v_dashboard', [], true)
 5 APPPATH\Views\v_template_mahasiswa.php(147): view('mahasiswa/v_dashboard')
 6 SYSTEMPATH\View\View.php(213): include('C:\\wamp64\\www\\graduate-ci4\\app\\Views\\v_template_mahasiswa.php')
 7 SYSTEMPATH\View\View.php(216): CodeIgniter\View\View->CodeIgniter\View\{closure}()
 8 SYSTEMPATH\Common.php(1184): CodeIgniter\View\View->render('v_template_mahasiswa', [], true)
 9 APPPATH\Controllers\DashboardMahasiswa.php(31): view('v_template_mahasiswa', [...])
10 SYSTEMPATH\CodeIgniter.php(934): App\Controllers\DashboardMahasiswa->index()
11 SYSTEMPATH\CodeIgniter.php(499): CodeIgniter\CodeIgniter->runController(Object(App\Controllers\DashboardMahasiswa))
12 SYSTEMPATH\CodeIgniter.php(368): CodeIgniter\CodeIgniter->handleRequest(null, Object(Config\Cache), false)
13 FCPATH\index.php(67): CodeIgniter\CodeIgniter->run()
INFO - 2023-06-26 13:07:20 --> Session: Class initialized using 'CodeIgniter\Session\Handlers\FileHandler' driver.
CRITICAL - 2023-06-26 13:07:20 --> Trying to access array offset on value of type null
in APPPATH\Views\mahasiswa\v_dashboard.php on line 21.
 1 APPPATH\Views\mahasiswa\v_dashboard.php(21): CodeIgniter\Debug\Exceptions->errorHandler(8, 'Trying to access array offset on value of type null', 'C:\\wamp64\\www\\graduate-ci4\\app\\Views\\mahasiswa\\v_dashboard.php', 21, [...])
 2 SYSTEMPATH\View\View.php(213): include('C:\\wamp64\\www\\graduate-ci4\\app\\Views\\mahasiswa\\v_dashboard.php')
 3 SYSTEMPATH\View\View.php(216): CodeIgniter\View\View->CodeIgniter\View\{closure}()
 4 SYSTEMPATH\Common.php(1184): CodeIgniter\View\View->render('mahasiswa/v_dashboard', [], true)
 5 APPPATH\Views\v_template_mahasiswa.php(147): view('mahasiswa/v_dashboard')
 6 SYSTEMPATH\View\View.php(213): include('C:\\wamp64\\www\\graduate-ci4\\app\\Views\\v_template_mahasiswa.php')
 7 SYSTEMPATH\View\View.php(216): CodeIgniter\View\View->CodeIgniter\View\{closure}()
 8 SYSTEMPATH\Common.php(1184): CodeIgniter\View\View->render('v_template_mahasiswa', [], true)
 9 APPPATH\Controllers\DashboardMahasiswa.php(31): view('v_template_mahasiswa', [...])
10 SYSTEMPATH\CodeIgniter.php(934): App\Controllers\DashboardMahasiswa->index()
11 SYSTEMPATH\CodeIgniter.php(499): CodeIgniter\CodeIgniter->runController(Object(App\Controllers\DashboardMahasiswa))
12 SYSTEMPATH\CodeIgniter.php(368): CodeIgniter\CodeIgniter->handleRequest(null, Object(Config\Cache), false)
13 FCPATH\index.php(67): CodeIgniter\CodeIgniter->run()
INFO - 2023-06-26 13:08:22 --> Session: Class initialized using 'CodeIgniter\Session\Handlers\FileHandler' driver.
CRITICAL - 2023-06-26 13:08:22 --> Undefined index: id_persyaratan
in APPPATH\Views\mahasiswa\v_dashboard.php on line 21.
 1 APPPATH\Views\mahasiswa\v_dashboard.php(21): CodeIgniter\Debug\Exceptions->errorHandler(8, 'Undefined index: id_persyaratan', 'C:\\wamp64\\www\\graduate-ci4\\app\\Views\\mahasiswa\\v_dashboard.php', 21, [...])
 2 SYSTEMPATH\View\View.php(213): include('C:\\wamp64\\www\\graduate-ci4\\app\\Views\\mahasiswa\\v_dashboard.php')
 3 SYSTEMPATH\View\View.php(216): CodeIgniter\View\View->CodeIgniter\View\{closure}()
 4 SYSTEMPATH\Common.php(1184): CodeIgniter\View\View->render('mahasiswa/v_dashboard', [], true)
 5 APPPATH\Views\v_template_mahasiswa.php(147): view('mahasiswa/v_dashboard')
 6 SYSTEMPATH\View\View.php(213): include('C:\\wamp64\\www\\graduate-ci4\\app\\Views\\v_template_mahasiswa.php')
 7 SYSTEMPATH\View\View.php(216): CodeIgniter\View\View->CodeIgniter\View\{closure}()
 8 SYSTEMPATH\Common.php(1184): CodeIgniter\View\View->render('v_template_mahasiswa', [], true)
 9 APPPATH\Controllers\DashboardMahasiswa.php(31): view('v_template_mahasiswa', [...])
10 SYSTEMPATH\CodeIgniter.php(934): App\Controllers\DashboardMahasiswa->index()
11 SYSTEMPATH\CodeIgniter.php(499): CodeIgniter\CodeIgniter->runController(Object(App\Controllers\DashboardMahasiswa))
12 SYSTEMPATH\CodeIgniter.php(368): CodeIgniter\CodeIgniter->handleRequest(null, Object(Config\Cache), false)
13 FCPATH\index.php(67): CodeIgniter\CodeIgniter->run()
INFO - 2023-06-26 13:08:47 --> Session: Class initialized using 'CodeIgniter\Session\Handlers\FileHandler' driver.
INFO - 2023-06-26 13:09:11 --> Session: Class initialized using 'CodeIgniter\Session\Handlers\FileHandler' driver.
INFO - 2023-06-26 16:38:47 --> Session: Class initialized using 'CodeIgniter\Session\Handlers\FileHandler' driver.
INFO - 2023-06-26 16:40:31 --> Session: Class initialized using 'CodeIgniter\Session\Handlers\FileHandler' driver.
INFO - 2023-06-26 16:40:56 --> Session: Class initialized using 'CodeIgniter\Session\Handlers\FileHandler' driver.
INFO - 2023-06-26 16:40:56 --> Session: Class initialized using 'CodeIgniter\Session\Handlers\FileHandler' driver.
INFO - 2023-06-26 16:42:27 --> Session: Class initialized using 'CodeIgniter\Session\Handlers\FileHandler' driver.
INFO - 2023-06-26 16:50:44 --> Session: Class initialized using 'CodeIgniter\Session\Handlers\FileHandler' driver.
CRITICAL - 2023-06-26 16:50:44 --> Undefined index: nmp
in APPPATH\Views\mahasiswa\v_dashboard.php on line 6.
 1 APPPATH\Views\mahasiswa\v_dashboard.php(6): CodeIgniter\Debug\Exceptions->errorHandler(8, 'Undefined index: nmp', 'C:\\wamp64\\www\\graduate-ci4\\app\\Views\\mahasiswa\\v_dashboard.php', 6, [...])
 2 SYSTEMPATH\View\View.php(213): include('C:\\wamp64\\www\\graduate-ci4\\app\\Views\\mahasiswa\\v_dashboard.php')
 3 SYSTEMPATH\View\View.php(216): CodeIgniter\View\View->CodeIgniter\View\{closure}()
 4 SYSTEMPATH\Common.php(1184): CodeIgniter\View\View->render('mahasiswa/v_dashboard', [], true)
 5 APPPATH\Views\v_template_mahasiswa.php(147): view('mahasiswa/v_dashboard')
 6 SYSTEMPATH\View\View.php(213): include('C:\\wamp64\\www\\graduate-ci4\\app\\Views\\v_template_mahasiswa.php')
 7 SYSTEMPATH\View\View.php(216): CodeIgniter\View\View->CodeIgniter\View\{closure}()
 8 SYSTEMPATH\Common.php(1184): CodeIgniter\View\View->render('v_template_mahasiswa', [], true)
 9 APPPATH\Controllers\DashboardMahasiswa.php(31): view('v_template_mahasiswa', [...])
10 SYSTEMPATH\CodeIgniter.php(934): App\Controllers\DashboardMahasiswa->index()
11 SYSTEMPATH\CodeIgniter.php(499): CodeIgniter\CodeIgniter->runController(Object(App\Controllers\DashboardMahasiswa))
12 SYSTEMPATH\CodeIgniter.php(368): CodeIgniter\CodeIgniter->handleRequest(null, Object(Config\Cache), false)
13 FCPATH\index.php(67): CodeIgniter\CodeIgniter->run()
INFO - 2023-06-26 16:51:23 --> Session: Class initialized using 'CodeIgniter\Session\Handlers\FileHandler' driver.
CRITICAL - 2023-06-26 16:51:23 --> Undefined index: id_perysratan
in APPPATH\Views\mahasiswa\v_dashboard.php on line 10.
 1 APPPATH\Views\mahasiswa\v_dashboard.php(10): CodeIgniter\Debug\Exceptions->errorHandler(8, 'Undefined index: id_perysratan', 'C:\\wamp64\\www\\graduate-ci4\\app\\Views\\mahasiswa\\v_dashboard.php', 10, [...])
 2 SYSTEMPATH\View\View.php(213): include('C:\\wamp64\\www\\graduate-ci4\\app\\Views\\mahasiswa\\v_dashboard.php')
 3 SYSTEMPATH\View\View.php(216): CodeIgniter\View\View->CodeIgniter\View\{closure}()
 4 SYSTEMPATH\Common.php(1184): CodeIgniter\View\View->render('mahasiswa/v_dashboard', [], true)
 5 APPPATH\Views\v_template_mahasiswa.php(147): view('mahasiswa/v_dashboard')
 6 SYSTEMPATH\View\View.php(213): include('C:\\wamp64\\www\\graduate-ci4\\app\\Views\\v_template_mahasiswa.php')
 7 SYSTEMPATH\View\View.php(216): CodeIgniter\View\View->CodeIgniter\View\{closure}()
 8 SYSTEMPATH\Common.php(1184): CodeIgniter\View\View->render('v_template_mahasiswa', [], true)
 9 APPPATH\Controllers\DashboardMahasiswa.php(31): view('v_template_mahasiswa', [...])
10 SYSTEMPATH\CodeIgniter.php(934): App\Controllers\DashboardMahasiswa->index()
11 SYSTEMPATH\CodeIgniter.php(499): CodeIgniter\CodeIgniter->runController(Object(App\Controllers\DashboardMahasiswa))
12 SYSTEMPATH\CodeIgniter.php(368): CodeIgniter\CodeIgniter->handleRequest(null, Object(Config\Cache), false)
13 FCPATH\index.php(67): CodeIgniter\CodeIgniter->run()
INFO - 2023-06-26 16:51:42 --> Session: Class initialized using 'CodeIgniter\Session\Handlers\FileHandler' driver.
CRITICAL - 2023-06-26 16:51:42 --> Undefined index: id_peryaratan
in APPPATH\Views\mahasiswa\v_dashboard.php on line 10.
 1 APPPATH\Views\mahasiswa\v_dashboard.php(10): CodeIgniter\Debug\Exceptions->errorHandler(8, 'Undefined index: id_peryaratan', 'C:\\wamp64\\www\\graduate-ci4\\app\\Views\\mahasiswa\\v_dashboard.php', 10, [...])
 2 SYSTEMPATH\View\View.php(213): include('C:\\wamp64\\www\\graduate-ci4\\app\\Views\\mahasiswa\\v_dashboard.php')
 3 SYSTEMPATH\View\View.php(216): CodeIgniter\View\View->CodeIgniter\View\{closure}()
 4 SYSTEMPATH\Common.php(1184): CodeIgniter\View\View->render('mahasiswa/v_dashboard', [], true)
 5 APPPATH\Views\v_template_mahasiswa.php(147): view('mahasiswa/v_dashboard')
 6 SYSTEMPATH\View\View.php(213): include('C:\\wamp64\\www\\graduate-ci4\\app\\Views\\v_template_mahasiswa.php')
 7 SYSTEMPATH\View\View.php(216): CodeIgniter\View\View->CodeIgniter\View\{closure}()
 8 SYSTEMPATH\Common.php(1184): CodeIgniter\View\View->render('v_template_mahasiswa', [], true)
 9 APPPATH\Controllers\DashboardMahasiswa.php(31): view('v_template_mahasiswa', [...])
10 SYSTEMPATH\CodeIgniter.php(934): App\Controllers\DashboardMahasiswa->index()
11 SYSTEMPATH\CodeIgniter.php(499): CodeIgniter\CodeIgniter->runController(Object(App\Controllers\DashboardMahasiswa))
12 SYSTEMPATH\CodeIgniter.php(368): CodeIgniter\CodeIgniter->handleRequest(null, Object(Config\Cache), false)
13 FCPATH\index.php(67): CodeIgniter\CodeIgniter->run()
INFO - 2023-06-26 16:51:53 --> Session: Class initialized using 'CodeIgniter\Session\Handlers\FileHandler' driver.
CRITICAL - 2023-06-26 16:51:53 --> Undefined index: nama_persyaratan
in APPPATH\Views\mahasiswa\v_dashboard.php on line 29.
 1 APPPATH\Views\mahasiswa\v_dashboard.php(29): CodeIgniter\Debug\Exceptions->errorHandler(8, 'Undefined index: nama_persyaratan', 'C:\\wamp64\\www\\graduate-ci4\\app\\Views\\mahasiswa\\v_dashboard.php', 29, [...])
 2 SYSTEMPATH\View\View.php(213): include('C:\\wamp64\\www\\graduate-ci4\\app\\Views\\mahasiswa\\v_dashboard.php')
 3 SYSTEMPATH\View\View.php(216): CodeIgniter\View\View->CodeIgniter\View\{closure}()
 4 SYSTEMPATH\Common.php(1184): CodeIgniter\View\View->render('mahasiswa/v_dashboard', [], true)
 5 APPPATH\Views\v_template_mahasiswa.php(147): view('mahasiswa/v_dashboard')
 6 SYSTEMPATH\View\View.php(213): include('C:\\wamp64\\www\\graduate-ci4\\app\\Views\\v_template_mahasiswa.php')
 7 SYSTEMPATH\View\View.php(216): CodeIgniter\View\View->CodeIgniter\View\{closure}()
 8 SYSTEMPATH\Common.php(1184): CodeIgniter\View\View->render('v_template_mahasiswa', [], true)
 9 APPPATH\Controllers\DashboardMahasiswa.php(31): view('v_template_mahasiswa', [...])
10 SYSTEMPATH\CodeIgniter.php(934): App\Controllers\DashboardMahasiswa->index()
11 SYSTEMPATH\CodeIgniter.php(499): CodeIgniter\CodeIgniter->runController(Object(App\Controllers\DashboardMahasiswa))
12 SYSTEMPATH\CodeIgniter.php(368): CodeIgniter\CodeIgniter->handleRequest(null, Object(Config\Cache), false)
13 FCPATH\index.php(67): CodeIgniter\CodeIgniter->run()
INFO - 2023-06-26 16:52:10 --> Session: Class initialized using 'CodeIgniter\Session\Handlers\FileHandler' driver.
INFO - 2023-06-26 16:52:20 --> Session: Class initialized using 'CodeIgniter\Session\Handlers\FileHandler' driver.
INFO - 2023-06-26 16:53:50 --> Session: Class initialized using 'CodeIgniter\Session\Handlers\FileHandler' driver.
CRITICAL - 2023-06-26 16:53:50 --> Undefined index: nmp
in APPPATH\Views\mahasiswa\v_dashboard.php on line 6.
 1 APPPATH\Views\mahasiswa\v_dashboard.php(6): CodeIgniter\Debug\Exceptions->errorHandler(8, 'Undefined index: nmp', 'C:\\wamp64\\www\\graduate-ci4\\app\\Views\\mahasiswa\\v_dashboard.php', 6, [...])
 2 SYSTEMPATH\View\View.php(213): include('C:\\wamp64\\www\\graduate-ci4\\app\\Views\\mahasiswa\\v_dashboard.php')
 3 SYSTEMPATH\View\View.php(216): CodeIgniter\View\View->CodeIgniter\View\{closure}()
 4 SYSTEMPATH\Common.php(1184): CodeIgniter\View\View->render('mahasiswa/v_dashboard', [], true)
 5 APPPATH\Views\v_template_mahasiswa.php(147): view('mahasiswa/v_dashboard')
 6 SYSTEMPATH\View\View.php(213): include('C:\\wamp64\\www\\graduate-ci4\\app\\Views\\v_template_mahasiswa.php')
 7 SYSTEMPATH\View\View.php(216): CodeIgniter\View\View->CodeIgniter\View\{closure}()
 8 SYSTEMPATH\Common.php(1184): CodeIgniter\View\View->render('v_template_mahasiswa', [], true)
 9 APPPATH\Controllers\DashboardMahasiswa.php(31): view('v_template_mahasiswa', [...])
10 SYSTEMPATH\CodeIgniter.php(934): App\Controllers\DashboardMahasiswa->index()
11 SYSTEMPATH\CodeIgniter.php(499): CodeIgniter\CodeIgniter->runController(Object(App\Controllers\DashboardMahasiswa))
12 SYSTEMPATH\CodeIgniter.php(368): CodeIgniter\CodeIgniter->handleRequest(null, Object(Config\Cache), false)
13 FCPATH\index.php(67): CodeIgniter\CodeIgniter->run()
INFO - 2023-06-26 16:54:34 --> Session: Class initialized using 'CodeIgniter\Session\Handlers\FileHandler' driver.
INFO - 2023-06-26 16:55:02 --> Session: Class initialized using 'CodeIgniter\Session\Handlers\FileHandler' driver.
INFO - 2023-06-26 16:55:03 --> Session: Class initialized using 'CodeIgniter\Session\Handlers\FileHandler' driver.
INFO - 2023-06-26 16:55:33 --> Session: Class initialized using 'CodeIgniter\Session\Handlers\FileHandler' driver.
CRITICAL - 2023-06-26 16:55:33 --> Illegal string offset 'nama_mahasiswa'
in APPPATH\Views\mahasiswa\v_dashboard.php on line 18.
 1 APPPATH\Views\mahasiswa\v_dashboard.php(18): CodeIgniter\Debug\Exceptions->errorHandler(2, 'Illegal string offset \'nama_mahasiswa\'', 'C:\\wamp64\\www\\graduate-ci4\\app\\Views\\mahasiswa\\v_dashboard.php', 18, [...])
 2 SYSTEMPATH\View\View.php(213): include('C:\\wamp64\\www\\graduate-ci4\\app\\Views\\mahasiswa\\v_dashboard.php')
 3 SYSTEMPATH\View\View.php(216): CodeIgniter\View\View->CodeIgniter\View\{closure}()
 4 SYSTEMPATH\Common.php(1184): CodeIgniter\View\View->render('mahasiswa/v_dashboard', [], true)
 5 APPPATH\Views\v_template_mahasiswa.php(147): view('mahasiswa/v_dashboard')
 6 SYSTEMPATH\View\View.php(213): include('C:\\wamp64\\www\\graduate-ci4\\app\\Views\\v_template_mahasiswa.php')
 7 SYSTEMPATH\View\View.php(216): CodeIgniter\View\View->CodeIgniter\View\{closure}()
 8 SYSTEMPATH\Common.php(1184): CodeIgniter\View\View->render('v_template_mahasiswa', [], true)
 9 APPPATH\Controllers\DashboardMahasiswa.php(31): view('v_template_mahasiswa', [...])
10 SYSTEMPATH\CodeIgniter.php(934): App\Controllers\DashboardMahasiswa->index()
11 SYSTEMPATH\CodeIgniter.php(499): CodeIgniter\CodeIgniter->runController(Object(App\Controllers\DashboardMahasiswa))
12 SYSTEMPATH\CodeIgniter.php(368): CodeIgniter\CodeIgniter->handleRequest(null, Object(Config\Cache), false)
13 FCPATH\index.php(67): CodeIgniter\CodeIgniter->run()
INFO - 2023-06-26 16:56:01 --> Session: Class initialized using 'CodeIgniter\Session\Handlers\FileHandler' driver.
ERROR - 2023-06-26 16:56:01 --> mysqli_sql_exception: Operand should contain 1 column(s) in C:\wamp64\www\graduate-ci4\system\Database\MySQLi\Connection.php:295
Stack trace:
#0 C:\wamp64\www\graduate-ci4\system\Database\MySQLi\Connection.php(295): mysqli->query('SELECT *\nFROM `...', 0)
#1 C:\wamp64\www\graduate-ci4\system\Database\BaseConnection.php(692): CodeIgniter\Database\MySQLi\Connection->execute('SELECT *\nFROM `...')
#2 C:\wamp64\www\graduate-ci4\system\Database\BaseConnection.php(606): CodeIgniter\Database\BaseConnection->simpleQuery('SELECT *\nFROM `...')
#3 C:\wamp64\www\graduate-ci4\system\Database\BaseBuilder.php(1616): CodeIgniter\Database\BaseConnection->query('SELECT *\nFROM `...', Array, false)
#4 C:\wamp64\www\graduate-ci4\app\Views\mahasiswa\v_dashboard.php(9): CodeIgniter\Database\BaseBuilder->get()
#5 C:\wamp64\www\graduate-ci4\system\View\View.php(213): include('C:\\wamp64\\www\\g...')
#6 C:\wamp64\www\graduate-ci4\system\View\View.php(216): CodeIgniter\View\View->CodeIgniter\View\{closure}()
#7 C:\wamp64\www\graduate-ci4\system\Common.php(1184): CodeIgniter\View\View->render('mahasiswa/v_das...', Array, true)
#8 C:\wamp64\www\graduate-ci4\app\Views\v_template_mahasiswa.php(147): view('mahasiswa/v_das...')
#9 C:\wamp64\www\graduate-ci4\system\View\View.php(213): include('C:\\wamp64\\www\\g...')
#10 C:\wamp64\www\graduate-ci4\system\View\View.php(216): CodeIgniter\View\View->CodeIgniter\View\{closure}()
#11 C:\wamp64\www\graduate-ci4\system\Common.php(1184): CodeIgniter\View\View->render('v_template_maha...', Array, true)
#12 C:\wamp64\www\graduate-ci4\app\Controllers\DashboardMahasiswa.php(31): view('v_template_maha...', Array)
#13 C:\wamp64\www\graduate-ci4\system\CodeIgniter.php(934): App\Controllers\DashboardMahasiswa->index()
#14 C:\wamp64\www\graduate-ci4\system\CodeIgniter.php(499): CodeIgniter\CodeIgniter->runController(Object(App\Controllers\DashboardMahasiswa))
#15 C:\wamp64\www\graduate-ci4\system\CodeIgniter.php(368): CodeIgniter\CodeIgniter->handleRequest(NULL, Object(Config\Cache), false)
#16 C:\wamp64\www\graduate-ci4\public\index.php(67): CodeIgniter\CodeIgniter->run()
#17 {main}
CRITICAL - 2023-06-26 16:56:01 --> Operand should contain 1 column(s)
in SYSTEMPATH\Database\MySQLi\Connection.php on line 295.
 1 SYSTEMPATH\Database\MySQLi\Connection.php(295): mysqli->query('SELECT *
FROM `tbl_dokumen`
WHERE `npm` = (\'65\',\'1402019016\',\'11232221221\',\'Andriansyah\',\'Jakarta\',\'2023-06-16\',\'P\',NULL,\'2\',NULL,\'2023-06-15\',\'123\',\'3.58\',\'146\',\'Jl. Imam Bonjol No. 10\',\'admin@gmail.com\',\'08522356652\',\'1686844756_af2c7a962e2007db7592.png\',\'08522356652\',\'1\',\'0\',\'Dosen A\',\'Dosen A\',\'2023-06-14\',\'1402019016\',NULL,NULL,NULL,NULL,NULL,NULL,NULL,NULL,NULL,NULL,NULL,NULL,NULL,\'Ilmu Perpustakaan\')', 0)
 2 SYSTEMPATH\Database\BaseConnection.php(692): CodeIgniter\Database\MySQLi\Connection->execute('SELECT *
FROM `tbl_dokumen`
WHERE `npm` = (\'65\',\'1402019016\',\'11232221221\',\'Andriansyah\',\'Jakarta\',\'2023-06-16\',\'P\',NULL,\'2\',NULL,\'2023-06-15\',\'123\',\'3.58\',\'146\',\'Jl. Imam Bonjol No. 10\',\'admin@gmail.com\',\'08522356652\',\'1686844756_af2c7a962e2007db7592.png\',\'08522356652\',\'1\',\'0\',\'Dosen A\',\'Dosen A\',\'2023-06-14\',\'1402019016\',NULL,NULL,NULL,NULL,NULL,NULL,NULL,NULL,NULL,NULL,NULL,NULL,NULL,\'Ilmu Perpustakaan\')')
 3 SYSTEMPATH\Database\BaseConnection.php(606): CodeIgniter\Database\BaseConnection->simpleQuery('SELECT *
FROM `tbl_dokumen`
WHERE `npm` = (\'65\',\'1402019016\',\'11232221221\',\'Andriansyah\',\'Jakarta\',\'2023-06-16\',\'P\',NULL,\'2\',NULL,\'2023-06-15\',\'123\',\'3.58\',\'146\',\'Jl. Imam Bonjol No. 10\',\'admin@gmail.com\',\'08522356652\',\'1686844756_af2c7a962e2007db7592.png\',\'08522356652\',\'1\',\'0\',\'Dosen A\',\'Dosen A\',\'2023-06-14\',\'1402019016\',NULL,NULL,NULL,NULL,NULL,NULL,NULL,NULL,NULL,NULL,NULL,NULL,NULL,\'Ilmu Perpustakaan\')')
 4 SYSTEMPATH\Database\BaseBuilder.php(1616): CodeIgniter\Database\BaseConnection->query('SELECT *
FROM `tbl_dokumen`
WHERE `npm` = :npm:', [...], false)
 5 APPPATH\Views\mahasiswa\v_dashboard.php(9): CodeIgniter\Database\BaseBuilder->get()
 6 SYSTEMPATH\View\View.php(213): include('C:\\wamp64\\www\\graduate-ci4\\app\\Views\\mahasiswa\\v_dashboard.php')
 7 SYSTEMPATH\View\View.php(216): CodeIgniter\View\View->CodeIgniter\View\{closure}()
 8 SYSTEMPATH\Common.php(1184): CodeIgniter\View\View->render('mahasiswa/v_dashboard', [], true)
 9 APPPATH\Views\v_template_mahasiswa.php(147): view('mahasiswa/v_dashboard')
10 SYSTEMPATH\View\View.php(213): include('C:\\wamp64\\www\\graduate-ci4\\app\\Views\\v_template_mahasiswa.php')
11 SYSTEMPATH\View\View.php(216): CodeIgniter\View\View->CodeIgniter\View\{closure}()
12 SYSTEMPATH\Common.php(1184): CodeIgniter\View\View->render('v_template_mahasiswa', [], true)
13 APPPATH\Controllers\DashboardMahasiswa.php(31): view('v_template_mahasiswa', [...])
14 SYSTEMPATH\CodeIgniter.php(934): App\Controllers\DashboardMahasiswa->index()
15 SYSTEMPATH\CodeIgniter.php(499): CodeIgniter\CodeIgniter->runController(Object(App\Controllers\DashboardMahasiswa))
16 SYSTEMPATH\CodeIgniter.php(368): CodeIgniter\CodeIgniter->handleRequest(null, Object(Config\Cache), false)
17 FCPATH\index.php(67): CodeIgniter\CodeIgniter->run()
INFO - 2023-06-26 16:56:40 --> Session: Class initialized using 'CodeIgniter\Session\Handlers\FileHandler' driver.
INFO - 2023-06-26 16:58:23 --> Session: Class initialized using 'CodeIgniter\Session\Handlers\FileHandler' driver.
CRITICAL - 2023-06-26 16:58:23 --> Undefined property: CodeIgniter\View\View::$db
in APPPATH\Views\mahasiswa\v_dashboard.php on line 14.
 1 APPPATH\Views\mahasiswa\v_dashboard.php(14): CodeIgniter\Debug\Exceptions->errorHandler(8, 'Undefined property: CodeIgniter\\View\\View::$db', 'C:\\wamp64\\www\\graduate-ci4\\app\\Views\\mahasiswa\\v_dashboard.php', 14, [...])
 2 SYSTEMPATH\View\View.php(213): include('C:\\wamp64\\www\\graduate-ci4\\app\\Views\\mahasiswa\\v_dashboard.php')
 3 SYSTEMPATH\View\View.php(216): CodeIgniter\View\View->CodeIgniter\View\{closure}()
 4 SYSTEMPATH\Common.php(1184): CodeIgniter\View\View->render('mahasiswa/v_dashboard', [], true)
 5 APPPATH\Views\v_template_mahasiswa.php(147): view('mahasiswa/v_dashboard')
 6 SYSTEMPATH\View\View.php(213): include('C:\\wamp64\\www\\graduate-ci4\\app\\Views\\v_template_mahasiswa.php')
 7 SYSTEMPATH\View\View.php(216): CodeIgniter\View\View->CodeIgniter\View\{closure}()
 8 SYSTEMPATH\Common.php(1184): CodeIgniter\View\View->render('v_template_mahasiswa', [], true)
 9 APPPATH\Controllers\DashboardMahasiswa.php(31): view('v_template_mahasiswa', [...])
10 SYSTEMPATH\CodeIgniter.php(934): App\Controllers\DashboardMahasiswa->index()
11 SYSTEMPATH\CodeIgniter.php(499): CodeIgniter\CodeIgniter->runController(Object(App\Controllers\DashboardMahasiswa))
12 SYSTEMPATH\CodeIgniter.php(368): CodeIgniter\CodeIgniter->handleRequest(null, Object(Config\Cache), false)
13 FCPATH\index.php(67): CodeIgniter\CodeIgniter->run()
INFO - 2023-06-26 16:58:35 --> Session: Class initialized using 'CodeIgniter\Session\Handlers\FileHandler' driver.
INFO - 2023-06-26 16:59:08 --> Session: Class initialized using 'CodeIgniter\Session\Handlers\FileHandler' driver.
INFO - 2023-06-26 17:00:35 --> Session: Class initialized using 'CodeIgniter\Session\Handlers\FileHandler' driver.
INFO - 2023-06-26 17:00:38 --> Session: Class initialized using 'CodeIgniter\Session\Handlers\FileHandler' driver.
INFO - 2023-06-26 17:00:41 --> Session: Class initialized using 'CodeIgniter\Session\Handlers\FileHandler' driver.
INFO - 2023-06-26 17:00:41 --> Session: Class initialized using 'CodeIgniter\Session\Handlers\FileHandler' driver.
INFO - 2023-06-26 17:00:44 --> Session: Class initialized using 'CodeIgniter\Session\Handlers\FileHandler' driver.
INFO - 2023-06-26 17:00:45 --> Session: Class initialized using 'CodeIgniter\Session\Handlers\FileHandler' driver.
INFO - 2023-06-26 17:00:46 --> Session: Class initialized using 'CodeIgniter\Session\Handlers\FileHandler' driver.
CRITICAL - 2023-06-26 17:00:46 --> Undefined variable: id_syarat
in APPPATH\Views\mahasiswa\v_dashboard.php on line 15.
 1 APPPATH\Views\mahasiswa\v_dashboard.php(15): CodeIgniter\Debug\Exceptions->errorHandler(8, 'Undefined variable: id_syarat', 'C:\\wamp64\\www\\graduate-ci4\\app\\Views\\mahasiswa\\v_dashboard.php', 15, [...])
 2 SYSTEMPATH\View\View.php(213): include('C:\\wamp64\\www\\graduate-ci4\\app\\Views\\mahasiswa\\v_dashboard.php')
 3 SYSTEMPATH\View\View.php(216): CodeIgniter\View\View->CodeIgniter\View\{closure}()
 4 SYSTEMPATH\Common.php(1184): CodeIgniter\View\View->render('mahasiswa/v_dashboard', [], true)
 5 APPPATH\Views\v_template_mahasiswa.php(147): view('mahasiswa/v_dashboard')
 6 SYSTEMPATH\View\View.php(213): include('C:\\wamp64\\www\\graduate-ci4\\app\\Views\\v_template_mahasiswa.php')
 7 SYSTEMPATH\View\View.php(216): CodeIgniter\View\View->CodeIgniter\View\{closure}()
 8 SYSTEMPATH\Common.php(1184): CodeIgniter\View\View->render('v_template_mahasiswa', [], true)
 9 APPPATH\Controllers\DashboardMahasiswa.php(31): view('v_template_mahasiswa', [...])
10 SYSTEMPATH\CodeIgniter.php(934): App\Controllers\DashboardMahasiswa->index()
11 SYSTEMPATH\CodeIgniter.php(499): CodeIgniter\CodeIgniter->runController(Object(App\Controllers\DashboardMahasiswa))
12 SYSTEMPATH\CodeIgniter.php(368): CodeIgniter\CodeIgniter->handleRequest(null, Object(Config\Cache), false)
13 FCPATH\index.php(67): CodeIgniter\CodeIgniter->run()
INFO - 2023-06-26 17:01:35 --> Session: Class initialized using 'CodeIgniter\Session\Handlers\FileHandler' driver.
CRITICAL - 2023-06-26 17:01:35 --> Undefined variable: id_syarat
in APPPATH\Views\mahasiswa\v_dashboard.php on line 19.
 1 APPPATH\Views\mahasiswa\v_dashboard.php(19): CodeIgniter\Debug\Exceptions->errorHandler(8, 'Undefined variable: id_syarat', 'C:\\wamp64\\www\\graduate-ci4\\app\\Views\\mahasiswa\\v_dashboard.php', 19, [...])
 2 SYSTEMPATH\View\View.php(213): include('C:\\wamp64\\www\\graduate-ci4\\app\\Views\\mahasiswa\\v_dashboard.php')
 3 SYSTEMPATH\View\View.php(216): CodeIgniter\View\View->CodeIgniter\View\{closure}()
 4 SYSTEMPATH\Common.php(1184): CodeIgniter\View\View->render('mahasiswa/v_dashboard', [], true)
 5 APPPATH\Views\v_template_mahasiswa.php(147): view('mahasiswa/v_dashboard')
 6 SYSTEMPATH\View\View.php(213): include('C:\\wamp64\\www\\graduate-ci4\\app\\Views\\v_template_mahasiswa.php')
 7 SYSTEMPATH\View\View.php(216): CodeIgniter\View\View->CodeIgniter\View\{closure}()
 8 SYSTEMPATH\Common.php(1184): CodeIgniter\View\View->render('v_template_mahasiswa', [], true)
 9 APPPATH\Controllers\DashboardMahasiswa.php(31): view('v_template_mahasiswa', [...])
10 SYSTEMPATH\CodeIgniter.php(934): App\Controllers\DashboardMahasiswa->index()
11 SYSTEMPATH\CodeIgniter.php(499): CodeIgniter\CodeIgniter->runController(Object(App\Controllers\DashboardMahasiswa))
12 SYSTEMPATH\CodeIgniter.php(368): CodeIgniter\CodeIgniter->handleRequest(null, Object(Config\Cache), false)
13 FCPATH\index.php(67): CodeIgniter\CodeIgniter->run()
INFO - 2023-06-26 17:02:52 --> Session: Class initialized using 'CodeIgniter\Session\Handlers\FileHandler' driver.
INFO - 2023-06-26 17:02:57 --> Session: Class initialized using 'CodeIgniter\Session\Handlers\FileHandler' driver.
INFO - 2023-06-26 17:03:00 --> Session: Class initialized using 'CodeIgniter\Session\Handlers\FileHandler' driver.
INFO - 2023-06-26 17:03:01 --> Session: Class initialized using 'CodeIgniter\Session\Handlers\FileHandler' driver.
INFO - 2023-06-26 17:03:02 --> Session: Class initialized using 'CodeIgniter\Session\Handlers\FileHandler' driver.
INFO - 2023-06-26 17:03:06 --> Session: Class initialized using 'CodeIgniter\Session\Handlers\FileHandler' driver.
INFO - 2023-06-26 17:03:08 --> Session: Class initialized using 'CodeIgniter\Session\Handlers\FileHandler' driver.
INFO - 2023-06-26 17:03:21 --> Session: Class initialized using 'CodeIgniter\Session\Handlers\FileHandler' driver.
INFO - 2023-06-26 17:03:21 --> Session: Class initialized using 'CodeIgniter\Session\Handlers\FileHandler' driver.
INFO - 2023-06-26 17:03:23 --> Session: Class initialized using 'CodeIgniter\Session\Handlers\FileHandler' driver.
INFO - 2023-06-26 17:03:49 --> Session: Class initialized using 'CodeIgniter\Session\Handlers\FileHandler' driver.
INFO - 2023-06-26 17:07:01 --> Session: Class initialized using 'CodeIgniter\Session\Handlers\FileHandler' driver.
INFO - 2023-06-26 17:07:32 --> Session: Class initialized using 'CodeIgniter\Session\Handlers\FileHandler' driver.
INFO - 2023-06-26 17:07:37 --> Session: Class initialized using 'CodeIgniter\Session\Handlers\FileHandler' driver.
INFO - 2023-06-26 17:07:48 --> Session: Class initialized using 'CodeIgniter\Session\Handlers\FileHandler' driver.
INFO - 2023-06-26 17:07:48 --> Session: Class initialized using 'CodeIgniter\Session\Handlers\FileHandler' driver.
INFO - 2023-06-26 17:07:51 --> Session: Class initialized using 'CodeIgniter\Session\Handlers\FileHandler' driver.
INFO - 2023-06-26 17:07:56 --> Session: Class initialized using 'CodeIgniter\Session\Handlers\FileHandler' driver.
INFO - 2023-06-26 17:07:57 --> Session: Class initialized using 'CodeIgniter\Session\Handlers\FileHandler' driver.
INFO - 2023-06-26 17:07:58 --> Session: Class initialized using 'CodeIgniter\Session\Handlers\FileHandler' driver.
INFO - 2023-06-26 17:08:02 --> Session: Class initialized using 'CodeIgniter\Session\Handlers\FileHandler' driver.
INFO - 2023-06-26 17:08:02 --> Session: Class initialized using 'CodeIgniter\Session\Handlers\FileHandler' driver.
INFO - 2023-06-26 17:08:05 --> Session: Class initialized using 'CodeIgniter\Session\Handlers\FileHandler' driver.
INFO - 2023-06-26 17:08:05 --> Session: Class initialized using 'CodeIgniter\Session\Handlers\FileHandler' driver.
INFO - 2023-06-26 17:08:06 --> Session: Class initialized using 'CodeIgniter\Session\Handlers\FileHandler' driver.
